2024-01-29 23:34:28,693 django.utils.autoreload INFO     Watching for file changes with StatReloader
2024-01-29 23:34:49,860 django.request WARNING  Forbidden: /api/gd
2024-01-29 23:34:49,860 django.request WARNING  Forbidden: /api/gd
2024-01-29 23:39:23,224 app.views INFO     Регистрация нового аккаунта.
2024-01-29 23:39:23,282 django.request ERROR    Internal Server Error: /api/reg
2024-01-29 23:39:23,282 django.request ERROR    Internal Server Error: /api/reg
2024-01-29 23:41:39,092 django.utils.autoreload INFO     /home/user/Рабочий стол/УЧЕБА/ДИПЛОМ/backend/app/views.py changed, reloading.
2024-01-29 23:41:39,535 django.utils.autoreload INFO     Watching for file changes with StatReloader
2024-01-29 23:42:10,677 django.utils.autoreload INFO     /home/user/Рабочий стол/УЧЕБА/ДИПЛОМ/backend/app/views.py changed, reloading.
2024-01-29 23:42:11,116 django.utils.autoreload INFO     Watching for file changes with StatReloader
2024-01-29 23:42:39,452 app.views INFO     Регистрация нового аккаунта.
2024-01-29 23:42:39,514 django.request ERROR    Internal Server Error: /api/reg
2024-01-29 23:42:39,514 django.request ERROR    Internal Server Error: /api/reg
2024-01-29 23:43:27,777 django.utils.autoreload INFO     /home/user/Рабочий стол/УЧЕБА/ДИПЛОМ/backend/app/views.py changed, reloading.
2024-01-29 23:43:28,230 django.utils.autoreload INFO     Watching for file changes with StatReloader
2024-01-29 23:43:57,209 app.views INFO     Регистрация нового аккаунта.
2024-01-29 23:43:57,264 django.request ERROR    Internal Server Error: /api/reg
2024-01-29 23:43:57,264 django.request ERROR    Internal Server Error: /api/reg
2024-01-29 23:44:31,528 django.utils.autoreload INFO     /home/user/Рабочий стол/УЧЕБА/ДИПЛОМ/backend/app/views.py changed, reloading.
2024-01-29 23:44:31,981 django.utils.autoreload INFO     Watching for file changes with StatReloader
2024-01-29 23:45:00,765 app.views INFO     Регистрация нового аккаунта.
2024-01-29 23:45:00,821 django.request ERROR    Internal Server Error: /api/reg
2024-01-29 23:45:00,821 django.request ERROR    Internal Server Error: /api/reg
2024-01-29 23:46:13,370 django.utils.autoreload INFO     /home/user/Рабочий стол/УЧЕБА/ДИПЛОМ/backend/app/views.py changed, reloading.
2024-01-29 23:46:13,806 django.utils.autoreload INFO     Watching for file changes with StatReloader
2024-01-29 23:47:00,321 django.utils.autoreload INFO     /home/user/Рабочий стол/УЧЕБА/ДИПЛОМ/backend/app/views.py changed, reloading.
2024-01-29 23:47:00,775 django.utils.autoreload INFO     Watching for file changes with StatReloader
2024-01-29 23:47:17,067 app.views INFO     Регистрация нового аккаунта.
2024-01-29 23:47:17,123 django.request ERROR    Internal Server Error: /api/reg
2024-01-29 23:47:17,123 django.request ERROR    Internal Server Error: /api/reg
2024-01-29 23:49:35,866 django.utils.autoreload INFO     /home/user/Рабочий стол/УЧЕБА/ДИПЛОМ/backend/app/views.py changed, reloading.
2024-01-29 23:49:36,330 django.utils.autoreload INFO     Watching for file changes with StatReloader
2024-01-29 23:50:19,822 app.views INFO     Регистрация нового аккаунта.
2024-01-29 23:50:28,132 django.request WARNING  Forbidden: /api/gd
2024-01-29 23:50:28,132 django.request WARNING  Forbidden: /api/gd
2024-01-29 23:51:17,586 django.utils.autoreload INFO     /home/user/Рабочий стол/УЧЕБА/ДИПЛОМ/backend/app/views.py changed, reloading.
2024-01-29 23:51:18,041 django.utils.autoreload INFO     Watching for file changes with StatReloader
2024-01-29 23:51:30,860 app.views INFO     Аутентификация.
2024-01-29 23:51:31,307 app.views INFO     Запрос данных своего аккаунта id:2
2024-01-29 23:51:34,377 app.views INFO     Запрос данных своего аккаунта id:2
2024-01-29 23:51:50,255 app.views INFO     Изменение данных своего аккаунта id:2.
2024-01-29 23:52:00,500 app.views INFO     Изменение данных своего аккаунта id:2.
2024-01-29 23:52:10,640 app.views INFO     Изменение данных своего аккаунта id:2.
2024-01-29 23:52:14,371 app.views INFO     Запрос данных своего аккаунта id:2
2024-01-29 23:52:18,720 app.views INFO     Загрузка файла на сервер id:2.
2024-01-29 23:52:22,259 app.views INFO     Загрузка файла на сервер id:2.
2024-01-29 23:52:45,315 app.views INFO     Получение ссылки id:2.
2024-01-29 23:52:54,910 app.views INFO     Сохранение файла по ссылке.
2024-01-29 23:53:31,139 app.views INFO     Запрос данных своего аккаунта id:2
2024-01-29 23:53:40,085 app.views INFO     Запрос данных своего аккаунта id:2
2024-01-29 23:53:41,900 app.views INFO     Запрос данных своего аккаунта id:2
2024-01-29 23:53:42,163 app.views INFO     Запрос данных своего аккаунта id:2
2024-01-29 23:53:48,846 app.views INFO     Получение ссылки id:2.
2024-01-29 23:54:10,383 app.views INFO     Обратная аутентификация.
2024-01-29 23:54:10,519 django.request WARNING  Forbidden: /api/gd
2024-01-29 23:54:10,519 django.request WARNING  Forbidden: /api/gd
2024-01-29 23:54:52,389 app.views INFO     Аутентификация.
2024-01-29 23:54:52,787 app.views INFO     Запрос данных своего аккаунта id:1
2024-01-29 23:54:52,923 app.views INFO     Админ. Получение общих данных.
2024-01-29 23:55:24,114 app.views INFO     Админ. Изменение данных аккаунта.
2024-01-29 23:55:24,250 app.views INFO     Админ. Получение общих данных.
2024-01-29 23:55:54,428 app.views INFO     Регистрация нового аккаунта.
2024-01-29 23:55:54,586 app.views INFO     Админ. Получение общих данных.
2024-01-29 23:56:00,845 app.views INFO     Админ. Изменение данных аккаунта.
2024-01-29 23:56:00,982 app.views INFO     Админ. Получение общих данных.
2024-01-29 23:56:07,542 app.views INFO     Запрос данных своего аккаунта id:1
2024-01-29 23:56:15,776 app.views INFO     Изменение данных своего аккаунта id:1.
2024-01-29 23:56:17,530 app.views INFO     Запрос данных своего аккаунта id:1
2024-01-29 23:56:17,651 app.views INFO     Админ. Получение общих данных.
2024-01-29 23:56:21,166 app.views INFO     Запрос данных своего аккаунта id:1
2024-01-29 23:56:21,419 app.views INFO     Запрос данных своего аккаунта id:1
2024-01-29 23:56:21,540 app.views INFO     Админ. Получение общих данных.
2024-01-29 23:56:42,080 app.views INFO     Запрос данных своего аккаунта id:1
2024-01-29 23:56:42,202 app.views INFO     Админ. Получение общих данных.
2024-01-29 23:56:45,428 app.views INFO     Запрос данных своего аккаунта id:1
2024-01-29 23:56:45,679 app.views INFO     Запрос данных своего аккаунта id:1
2024-01-29 23:56:45,802 app.views INFO     Админ. Получение общих данных.
2024-01-31 14:21:33,058 django.utils.autoreload INFO     Watching for file changes with StatReloader
2024-01-31 14:41:43,980 django.utils.autoreload INFO     Watching for file changes with StatReloader
2024-01-31 14:41:50,716 django.request WARNING  Forbidden: /api/gd
2024-01-31 14:41:50,716 django.request WARNING  Forbidden: /api/gd
2024-01-31 15:08:34,522 app.views INFO     Аутентификация.
2024-01-31 15:08:34,539 django.request WARNING  Not Found: /api/li
2024-01-31 15:08:34,539 django.request WARNING  Not Found: /api/li
2024-01-31 15:08:34,660 django.request WARNING  Forbidden: /api/gd
2024-01-31 15:08:34,660 django.request WARNING  Forbidden: /api/gd
2024-01-31 15:43:15,667 django.request WARNING  Forbidden: /api/gd
2024-01-31 15:43:15,667 django.request WARNING  Forbidden: /api/gd
2024-01-31 16:45:15,142 app.views INFO     Регистрация нового аккаунта.
2024-01-31 16:46:32,956 django.request WARNING  Forbidden: /api/gd
2024-01-31 16:46:32,956 django.request WARNING  Forbidden: /api/gd
2024-01-31 16:59:07,494 django.request WARNING  Forbidden: /api/gd
2024-01-31 16:59:07,494 django.request WARNING  Forbidden: /api/gd
2024-01-31 16:59:10,491 django.request WARNING  Forbidden: /api/gd
2024-01-31 16:59:10,491 django.request WARNING  Forbidden: /api/gd
2024-01-31 17:02:02,395 django.request WARNING  Forbidden: /api/gd
2024-01-31 17:02:02,395 django.request WARNING  Forbidden: /api/gd
2024-01-31 17:02:21,088 app.views INFO     Аутентификация.
2024-01-31 17:02:21,507 app.views INFO     Запрос данных своего аккаунта id:2
2024-01-31 17:10:01,673 app.views INFO     Обратная аутентификация.
2024-01-31 17:10:01,801 django.request WARNING  Forbidden: /api/gd
2024-01-31 17:10:01,801 django.request WARNING  Forbidden: /api/gd
2024-01-31 17:14:14,962 django.request WARNING  Forbidden: /api/gd
2024-01-31 17:14:14,962 django.request WARNING  Forbidden: /api/gd
2024-01-31 17:14:16,676 django.request WARNING  Forbidden: /api/gd
2024-01-31 17:14:16,676 django.request WARNING  Forbidden: /api/gd
2024-01-31 17:14:45,720 app.views INFO     Аутентификация.
2024-01-31 17:14:46,119 app.views INFO     Запрос данных своего аккаунта id:4
2024-01-31 17:21:15,151 app.views INFO     Обратная аутентификация.
2024-01-31 17:21:15,279 django.request WARNING  Forbidden: /api/gd
2024-01-31 17:21:15,279 django.request WARNING  Forbidden: /api/gd
2024-01-31 17:28:17,385 app.views INFO     Аутентификация.
2024-01-31 17:28:17,403 django.request WARNING  Not Found: /api/li
2024-01-31 17:28:17,403 django.request WARNING  Not Found: /api/li
2024-01-31 17:28:17,520 django.request WARNING  Forbidden: /api/gd
2024-01-31 17:28:17,520 django.request WARNING  Forbidden: /api/gd
2024-01-31 17:28:33,806 app.views INFO     Аутентификация.
2024-01-31 17:28:34,189 app.views INFO     Запрос данных своего аккаунта id:4
2024-01-31 17:48:06,414 app.views INFO     Запрос данных своего аккаунта id:4
2024-01-31 17:48:06,687 app.views INFO     Запрос данных своего аккаунта id:4
2024-01-31 17:48:22,642 app.views INFO     Загрузка файла на сервер id:4.
2024-01-31 17:55:53,682 app.views INFO     Загрузка файла на сервер id:4.
2024-01-31 17:56:54,938 app.views INFO     Загрузка файла на сервер id:4.
2024-01-31 17:57:07,883 app.views INFO     Загрузка файла на сервер id:4.
2024-01-31 18:12:04,104 app.views INFO     Запрос данных своего аккаунта id:4
2024-01-31 18:28:02,470 app.views INFO     Удаление файла id:4
2024-01-31 18:39:29,750 app.views INFO     Получение ссылки id:4.
2024-01-31 18:43:29,446 app.views INFO     Получение ссылки id:4.
2024-01-31 18:46:25,946 app.views INFO     Получение ссылки id:4.
2024-01-31 19:17:51,107 app.views INFO     Сохранение файла по ссылке.
2024-01-31 19:19:16,911 app.views INFO     Сохранение файла по ссылке.
2024-01-31 19:19:16,912 django.request WARNING  Not Found: /api/gf/gAAAAABlumtRu3nmc0RMXU9KFC8geXg_Z58-cMnQEY2sLOLkbmTtrahgDWeRLT00B_C5Qy7rU_ulLLBtgbm9FbHx19t0odSS
2024-01-31 19:19:16,912 django.request WARNING  Not Found: /api/gf/gAAAAABlumtRu3nmc0RMXU9KFC8geXg_Z58-cMnQEY2sLOLkbmTtrahgDWeRLT00B_C5Qy7rU_ulLLBtgbm9FbHx19t0odSS
2024-01-31 20:44:27,112 app.views INFO     Запрос данных своего аккаунта id:4
2024-01-31 20:44:31,605 app.views INFO     Изменение данных своего аккаунта id:4.
2024-01-31 20:44:38,470 app.views INFO     Запрос данных своего аккаунта id:4
2024-01-31 20:53:29,157 app.views INFO     Запрос данных своего аккаунта id:4
2024-01-31 21:14:08,655 app.views INFO     Изменение данных своего аккаунта id:4.
2024-01-31 21:18:17,572 app.views INFO     Изменение данных своего аккаунта id:4.
2024-01-31 21:18:28,371 app.views INFO     Изменение данных своего аккаунта id:4.
2024-01-31 21:28:49,213 app.views INFO     Изменение данных своего аккаунта id:4.
2024-01-31 21:28:49,215 django.request WARNING  Bad Request: /api/ch
2024-01-31 21:28:49,215 django.request WARNING  Bad Request: /api/ch
2024-01-31 21:46:12,400 app.views INFO     Обратная аутентификация.
2024-01-31 21:46:12,541 django.request WARNING  Forbidden: /api/gd
2024-01-31 21:46:12,541 django.request WARNING  Forbidden: /api/gd
2024-01-31 21:46:35,397 app.views INFO     Аутентификация.
2024-01-31 21:46:35,823 app.views INFO     Запрос данных своего аккаунта id:1
2024-01-31 21:46:35,962 app.views INFO     Админ. Получение общих данных.
2024-01-31 21:46:49,756 app.views INFO     Админ. Удаление аккаунта id:3.
2024-01-31 21:47:32,926 app.views INFO     Запрос данных своего аккаунта id:1
2024-01-31 21:47:33,051 app.views INFO     Админ. Получение общих данных.
2024-01-31 22:11:49,406 app.views INFO     Обратная аутентификация.
2024-01-31 22:11:49,534 django.request WARNING  Forbidden: /api/gd
2024-01-31 22:11:49,534 django.request WARNING  Forbidden: /api/gd
2024-01-31 22:12:55,426 django.request WARNING  Forbidden: /api/gd
2024-01-31 22:12:55,426 django.request WARNING  Forbidden: /api/gd
2024-01-31 22:12:58,387 django.request WARNING  Forbidden: /api/gd
2024-01-31 22:12:58,387 django.request WARNING  Forbidden: /api/gd
2024-01-31 22:13:02,546 django.request WARNING  Forbidden: /api/gd
2024-01-31 22:13:02,546 django.request WARNING  Forbidden: /api/gd
2024-01-31 22:13:13,809 django.request WARNING  Forbidden: /api/gd
2024-01-31 22:13:13,809 django.request WARNING  Forbidden: /api/gd
2024-01-31 22:13:17,625 django.request WARNING  Forbidden: /api/gd
2024-01-31 22:13:17,625 django.request WARNING  Forbidden: /api/gd
2024-01-31 22:13:19,469 django.request WARNING  Forbidden: /api/gd
2024-01-31 22:13:19,469 django.request WARNING  Forbidden: /api/gd
2024-01-31 22:14:04,758 django.request WARNING  Forbidden: /api/gd
2024-01-31 22:14:04,758 django.request WARNING  Forbidden: /api/gd
2024-01-31 22:14:10,224 django.request WARNING  Forbidden: /api/gd
2024-01-31 22:14:10,224 django.request WARNING  Forbidden: /api/gd
2024-01-31 22:14:36,960 django.request WARNING  Forbidden: /api/gd
2024-01-31 22:14:36,960 django.request WARNING  Forbidden: /api/gd
2024-01-31 22:14:47,838 django.request WARNING  Forbidden: /api/gd
2024-01-31 22:14:47,838 django.request WARNING  Forbidden: /api/gd
2024-01-31 22:19:33,312 django.request WARNING  Forbidden: /api/gd
2024-01-31 22:19:33,312 django.request WARNING  Forbidden: /api/gd
2024-01-31 22:20:07,277 django.request WARNING  Forbidden: /api/gd
2024-01-31 22:20:07,277 django.request WARNING  Forbidden: /api/gd
2024-01-31 22:20:17,277 django.request WARNING  Forbidden: /api/gd
2024-01-31 22:20:17,277 django.request WARNING  Forbidden: /api/gd
2024-01-31 22:20:33,344 django.request WARNING  Forbidden: /api/gd
2024-01-31 22:20:33,344 django.request WARNING  Forbidden: /api/gd
2024-01-31 22:20:50,181 django.request WARNING  Forbidden: /api/gd
2024-01-31 22:20:50,181 django.request WARNING  Forbidden: /api/gd
2024-01-31 22:20:58,205 django.request WARNING  Forbidden: /api/gd
2024-01-31 22:20:58,205 django.request WARNING  Forbidden: /api/gd
2024-01-31 22:21:00,914 django.request WARNING  Forbidden: /api/gd
2024-01-31 22:21:00,914 django.request WARNING  Forbidden: /api/gd
2024-01-31 22:21:02,482 django.request WARNING  Forbidden: /api/gd
2024-01-31 22:21:02,482 django.request WARNING  Forbidden: /api/gd
2024-01-31 22:21:45,637 django.request WARNING  Forbidden: /api/gd
2024-01-31 22:21:45,637 django.request WARNING  Forbidden: /api/gd
2024-01-31 22:21:52,278 django.request WARNING  Forbidden: /api/gd
2024-01-31 22:21:52,278 django.request WARNING  Forbidden: /api/gd
2024-01-31 22:21:54,182 django.request WARNING  Forbidden: /api/gd
2024-01-31 22:21:54,182 django.request WARNING  Forbidden: /api/gd
2024-01-31 22:22:55,596 django.request WARNING  Forbidden: /api/gd
2024-01-31 22:22:55,596 django.request WARNING  Forbidden: /api/gd
2024-01-31 22:22:58,679 django.request WARNING  Forbidden: /api/gd
2024-01-31 22:22:58,679 django.request WARNING  Forbidden: /api/gd
2024-01-31 22:23:59,610 django.request WARNING  Forbidden: /api/gd
2024-01-31 22:23:59,610 django.request WARNING  Forbidden: /api/gd
2024-01-31 22:24:29,778 django.request WARNING  Forbidden: /api/gd
2024-01-31 22:24:29,778 django.request WARNING  Forbidden: /api/gd
2024-01-31 22:24:51,013 django.request WARNING  Forbidden: /api/gd
2024-01-31 22:24:51,013 django.request WARNING  Forbidden: /api/gd
2024-01-31 22:24:54,058 django.request WARNING  Forbidden: /api/gd
2024-01-31 22:24:54,058 django.request WARNING  Forbidden: /api/gd
2024-01-31 22:24:59,112 django.request WARNING  Forbidden: /api/gd
2024-01-31 22:24:59,112 django.request WARNING  Forbidden: /api/gd
2024-01-31 22:25:07,206 django.request WARNING  Forbidden: /api/gd
2024-01-31 22:25:07,206 django.request WARNING  Forbidden: /api/gd
2024-01-31 22:25:09,462 django.request WARNING  Forbidden: /api/gd
2024-01-31 22:25:09,462 django.request WARNING  Forbidden: /api/gd
2024-01-31 22:25:14,975 django.request WARNING  Forbidden: /api/gd
2024-01-31 22:25:14,975 django.request WARNING  Forbidden: /api/gd
2024-01-31 22:25:17,309 django.request WARNING  Forbidden: /api/gd
2024-01-31 22:25:17,309 django.request WARNING  Forbidden: /api/gd
2024-01-31 22:25:41,387 django.request WARNING  Forbidden: /api/gd
2024-01-31 22:25:41,387 django.request WARNING  Forbidden: /api/gd
2024-01-31 22:25:45,398 django.request WARNING  Forbidden: /api/gd
2024-01-31 22:25:45,398 django.request WARNING  Forbidden: /api/gd
2024-01-31 22:25:47,963 django.request WARNING  Forbidden: /api/gd
2024-01-31 22:25:47,963 django.request WARNING  Forbidden: /api/gd
2024-01-31 22:25:49,164 django.request WARNING  Forbidden: /api/gd
2024-01-31 22:25:49,164 django.request WARNING  Forbidden: /api/gd
2024-01-31 22:26:27,837 django.request WARNING  Forbidden: /api/gd
2024-01-31 22:26:27,837 django.request WARNING  Forbidden: /api/gd
2024-01-31 22:26:30,857 django.request WARNING  Forbidden: /api/gd
2024-01-31 22:26:30,857 django.request WARNING  Forbidden: /api/gd
2024-01-31 22:26:40,936 django.request WARNING  Forbidden: /api/gd
2024-01-31 22:26:40,936 django.request WARNING  Forbidden: /api/gd
2024-01-31 22:26:45,829 django.request WARNING  Forbidden: /api/gd
2024-01-31 22:26:45,829 django.request WARNING  Forbidden: /api/gd
2024-01-31 22:26:47,138 django.request WARNING  Forbidden: /api/gd
2024-01-31 22:26:47,138 django.request WARNING  Forbidden: /api/gd
2024-01-31 22:28:23,996 django.request WARNING  Forbidden: /api/ia
2024-01-31 22:28:23,996 django.request WARNING  Forbidden: /api/ia
2024-01-31 22:28:24,157 django.request WARNING  Forbidden: /api/gd
2024-01-31 22:28:24,157 django.request WARNING  Forbidden: /api/gd
2024-01-31 22:28:24,298 django.request WARNING  Forbidden: /api/gd
2024-01-31 22:28:24,298 django.request WARNING  Forbidden: /api/gd
2024-01-31 22:28:26,513 django.request WARNING  Forbidden: /api/gd
2024-01-31 22:28:26,513 django.request WARNING  Forbidden: /api/gd
2024-01-31 22:28:31,776 django.request WARNING  Forbidden: /api/gd
2024-01-31 22:28:31,776 django.request WARNING  Forbidden: /api/gd
2024-01-31 22:28:35,257 django.request WARNING  Forbidden: /api/gd
2024-01-31 22:28:35,257 django.request WARNING  Forbidden: /api/gd
2024-01-31 22:28:36,501 django.request WARNING  Forbidden: /api/gd
2024-01-31 22:28:36,501 django.request WARNING  Forbidden: /api/gd
2024-01-31 22:29:11,044 django.request WARNING  Forbidden: /api/gd
2024-01-31 22:29:11,044 django.request WARNING  Forbidden: /api/gd
2024-01-31 22:29:26,932 django.request WARNING  Forbidden: /api/gd
2024-01-31 22:29:26,932 django.request WARNING  Forbidden: /api/gd
2024-01-31 22:29:47,760 django.request WARNING  Forbidden: /api/gd
2024-01-31 22:29:47,760 django.request WARNING  Forbidden: /api/gd
2024-01-31 22:29:54,828 django.request WARNING  Forbidden: /api/gd
2024-01-31 22:29:54,828 django.request WARNING  Forbidden: /api/gd
2024-01-31 22:30:03,272 django.request WARNING  Forbidden: /api/gd
2024-01-31 22:30:03,272 django.request WARNING  Forbidden: /api/gd
2024-01-31 22:30:06,987 django.request WARNING  Forbidden: /api/gd
2024-01-31 22:30:06,987 django.request WARNING  Forbidden: /api/gd
2024-01-31 22:30:38,311 django.request WARNING  Forbidden: /api/gd
2024-01-31 22:30:38,311 django.request WARNING  Forbidden: /api/gd
2024-01-31 22:30:42,628 django.request WARNING  Forbidden: /api/gd
2024-01-31 22:30:42,628 django.request WARNING  Forbidden: /api/gd
2024-01-31 22:30:44,934 django.request WARNING  Forbidden: /api/gd
2024-01-31 22:30:44,934 django.request WARNING  Forbidden: /api/gd
2024-01-31 22:31:51,002 django.request WARNING  Forbidden: /api/gd
2024-01-31 22:31:51,002 django.request WARNING  Forbidden: /api/gd
2024-01-31 22:32:05,399 django.request WARNING  Forbidden: /api/gd
2024-01-31 22:32:05,399 django.request WARNING  Forbidden: /api/gd
2024-01-31 22:32:36,409 django.request WARNING  Forbidden: /api/gd
2024-01-31 22:32:36,409 django.request WARNING  Forbidden: /api/gd
2024-01-31 22:33:04,529 django.request WARNING  Forbidden: /api/gd
2024-01-31 22:33:04,529 django.request WARNING  Forbidden: /api/gd
2024-01-31 22:33:18,902 django.request WARNING  Forbidden: /api/gd
2024-01-31 22:33:18,902 django.request WARNING  Forbidden: /api/gd
2024-01-31 22:33:20,267 django.request WARNING  Forbidden: /api/gd
2024-01-31 22:33:20,267 django.request WARNING  Forbidden: /api/gd
2024-01-31 22:33:46,243 django.request WARNING  Forbidden: /api/gd
2024-01-31 22:33:46,243 django.request WARNING  Forbidden: /api/gd
2024-01-31 22:33:47,450 django.request WARNING  Forbidden: /api/gd
2024-01-31 22:33:47,450 django.request WARNING  Forbidden: /api/gd
2024-01-31 22:34:08,136 django.request WARNING  Forbidden: /api/gd
2024-01-31 22:34:08,136 django.request WARNING  Forbidden: /api/gd
2024-01-31 22:34:09,222 django.request WARNING  Forbidden: /api/gd
2024-01-31 22:34:09,222 django.request WARNING  Forbidden: /api/gd
2024-01-31 22:34:23,438 django.request WARNING  Forbidden: /api/gd
2024-01-31 22:34:23,438 django.request WARNING  Forbidden: /api/gd
2024-01-31 22:34:27,674 django.request WARNING  Forbidden: /api/gd
2024-01-31 22:34:27,674 django.request WARNING  Forbidden: /api/gd
2024-01-31 22:34:28,774 django.request WARNING  Forbidden: /api/gd
2024-01-31 22:34:28,774 django.request WARNING  Forbidden: /api/gd
2024-01-31 22:34:29,883 django.request WARNING  Forbidden: /api/gd
2024-01-31 22:34:29,883 django.request WARNING  Forbidden: /api/gd
2024-01-31 22:35:08,572 django.request WARNING  Forbidden: /api/gd
2024-01-31 22:35:08,572 django.request WARNING  Forbidden: /api/gd
2024-01-31 22:35:26,147 django.request WARNING  Forbidden: /api/gd
2024-01-31 22:35:26,147 django.request WARNING  Forbidden: /api/gd
2024-01-31 22:35:31,089 django.request WARNING  Forbidden: /api/gd
2024-01-31 22:35:31,089 django.request WARNING  Forbidden: /api/gd
2024-01-31 22:35:53,832 django.request WARNING  Forbidden: /api/gd
2024-01-31 22:35:53,832 django.request WARNING  Forbidden: /api/gd
2024-01-31 22:36:00,958 django.request WARNING  Forbidden: /api/gd
2024-01-31 22:36:00,958 django.request WARNING  Forbidden: /api/gd
2024-01-31 22:36:12,525 django.request WARNING  Forbidden: /api/gd
2024-01-31 22:36:12,525 django.request WARNING  Forbidden: /api/gd
2024-01-31 22:36:21,699 django.request WARNING  Forbidden: /api/gd
2024-01-31 22:36:21,699 django.request WARNING  Forbidden: /api/gd
2024-01-31 22:36:35,481 django.request WARNING  Forbidden: /api/gd
2024-01-31 22:36:35,481 django.request WARNING  Forbidden: /api/gd
2024-01-31 22:36:38,401 django.request WARNING  Forbidden: /api/gd
2024-01-31 22:36:38,401 django.request WARNING  Forbidden: /api/gd
2024-01-31 22:36:39,622 django.request WARNING  Forbidden: /api/gd
2024-01-31 22:36:39,622 django.request WARNING  Forbidden: /api/gd
2024-01-31 22:37:26,521 django.request WARNING  Forbidden: /api/gd
2024-01-31 22:37:26,521 django.request WARNING  Forbidden: /api/gd
2024-01-31 22:37:28,548 django.request WARNING  Forbidden: /api/gd
2024-01-31 22:37:28,548 django.request WARNING  Forbidden: /api/gd
2024-01-31 22:37:42,139 django.request WARNING  Forbidden: /api/gd
2024-01-31 22:37:42,139 django.request WARNING  Forbidden: /api/gd
2024-01-31 22:37:44,547 django.request WARNING  Forbidden: /api/gd
2024-01-31 22:37:44,547 django.request WARNING  Forbidden: /api/gd
2024-01-31 22:37:57,272 django.request WARNING  Forbidden: /api/gd
2024-01-31 22:37:57,272 django.request WARNING  Forbidden: /api/gd
2024-01-31 22:38:00,039 django.request WARNING  Forbidden: /api/gd
2024-01-31 22:38:00,039 django.request WARNING  Forbidden: /api/gd
2024-01-31 22:38:00,852 django.request WARNING  Forbidden: /api/gd
2024-01-31 22:38:00,852 django.request WARNING  Forbidden: /api/gd
2024-01-31 22:38:01,692 django.request WARNING  Forbidden: /api/gd
2024-01-31 22:38:01,692 django.request WARNING  Forbidden: /api/gd
2024-01-31 22:38:01,910 django.request WARNING  Forbidden: /api/gd
2024-01-31 22:38:01,910 django.request WARNING  Forbidden: /api/gd
2024-01-31 22:38:02,104 django.request WARNING  Forbidden: /api/gd
2024-01-31 22:38:02,104 django.request WARNING  Forbidden: /api/gd
2024-01-31 22:38:02,829 django.request WARNING  Forbidden: /api/gd
2024-01-31 22:38:02,829 django.request WARNING  Forbidden: /api/gd
2024-01-31 22:38:03,460 django.request WARNING  Forbidden: /api/gd
2024-01-31 22:38:03,460 django.request WARNING  Forbidden: /api/gd
2024-01-31 22:38:05,680 django.request WARNING  Forbidden: /api/gd
2024-01-31 22:38:05,680 django.request WARNING  Forbidden: /api/gd
2024-01-31 22:38:06,352 django.request WARNING  Forbidden: /api/gd
2024-01-31 22:38:06,352 django.request WARNING  Forbidden: /api/gd
2024-01-31 22:38:06,990 django.request WARNING  Forbidden: /api/gd
2024-01-31 22:38:06,990 django.request WARNING  Forbidden: /api/gd
2024-01-31 22:38:07,357 django.request WARNING  Forbidden: /api/gd
2024-01-31 22:38:07,357 django.request WARNING  Forbidden: /api/gd
2024-01-31 22:38:07,532 django.request WARNING  Forbidden: /api/gd
2024-01-31 22:38:07,532 django.request WARNING  Forbidden: /api/gd
2024-01-31 22:38:07,723 django.request WARNING  Forbidden: /api/gd
2024-01-31 22:38:07,723 django.request WARNING  Forbidden: /api/gd
2024-01-31 22:38:07,924 django.request WARNING  Forbidden: /api/gd
2024-01-31 22:38:07,924 django.request WARNING  Forbidden: /api/gd
2024-01-31 22:38:08,120 django.request WARNING  Forbidden: /api/gd
2024-01-31 22:38:08,120 django.request WARNING  Forbidden: /api/gd
2024-01-31 22:38:09,655 django.request WARNING  Forbidden: /api/gd
2024-01-31 22:38:09,655 django.request WARNING  Forbidden: /api/gd
2024-01-31 22:38:52,012 django.request WARNING  Forbidden: /api/gd
2024-01-31 22:38:52,012 django.request WARNING  Forbidden: /api/gd
2024-01-31 22:39:15,041 django.request WARNING  Forbidden: /api/gd
2024-01-31 22:39:15,041 django.request WARNING  Forbidden: /api/gd
2024-01-31 22:39:16,361 django.request WARNING  Forbidden: /api/gd
2024-01-31 22:39:16,361 django.request WARNING  Forbidden: /api/gd
2024-01-31 22:39:26,899 django.request WARNING  Forbidden: /api/gd
2024-01-31 22:39:26,899 django.request WARNING  Forbidden: /api/gd
2024-01-31 22:39:31,192 django.request WARNING  Forbidden: /api/gd
2024-01-31 22:39:31,192 django.request WARNING  Forbidden: /api/gd
2024-01-31 22:39:37,209 django.request WARNING  Forbidden: /api/gd
2024-01-31 22:39:37,209 django.request WARNING  Forbidden: /api/gd
2024-01-31 22:41:10,209 django.request WARNING  Forbidden: /api/gd
2024-01-31 22:41:10,209 django.request WARNING  Forbidden: /api/gd
2024-01-31 22:41:12,997 django.request WARNING  Forbidden: /api/gd
2024-01-31 22:41:12,997 django.request WARNING  Forbidden: /api/gd
2024-01-31 22:43:43,920 django.request WARNING  Forbidden: /api/gd
2024-01-31 22:43:43,920 django.request WARNING  Forbidden: /api/gd
2024-01-31 22:44:09,463 django.request WARNING  Forbidden: /api/gd
2024-01-31 22:44:09,463 django.request WARNING  Forbidden: /api/gd
2024-01-31 22:44:10,809 django.request WARNING  Forbidden: /api/gd
2024-01-31 22:44:10,809 django.request WARNING  Forbidden: /api/gd
2024-01-31 22:52:37,900 django.request WARNING  Forbidden: /api/gd
2024-01-31 22:52:37,900 django.request WARNING  Forbidden: /api/gd
2024-01-31 22:52:45,331 django.request WARNING  Forbidden: /api/gd
2024-01-31 22:52:45,331 django.request WARNING  Forbidden: /api/gd
2024-01-31 22:52:46,035 django.request WARNING  Forbidden: /api/gd
2024-01-31 22:52:46,035 django.request WARNING  Forbidden: /api/gd
2024-01-31 23:00:24,418 app.views INFO     Аутентификация.
2024-01-31 23:00:24,833 app.views INFO     Запрос данных своего аккаунта id:1
2024-01-31 23:00:24,958 app.views INFO     Админ. Получение общих данных.
2024-01-31 23:26:19,297 app.views INFO     Запрос данных своего аккаунта id:1
2024-01-31 23:26:19,420 app.views INFO     Админ. Получение общих данных.
2024-01-31 23:26:22,918 app.views INFO     Запрос данных своего аккаунта id:1
2024-01-31 23:26:23,038 app.views INFO     Админ. Получение общих данных.
2024-02-01 00:02:44,030 app.views INFO     Админ. Получение данных аккаунта id:4.
2024-02-01 00:16:57,230 app.views INFO     Админ. Изменение данных аккаунта.
2024-02-01 00:16:57,361 app.views INFO     Админ. Получение общих данных.
2024-02-01 00:17:00,344 app.views INFO     Админ. Изменение данных аккаунта.
2024-02-01 00:17:00,487 app.views INFO     Админ. Получение общих данных.
2024-02-01 00:17:03,917 app.views INFO     Админ. Изменение данных аккаунта.
2024-02-01 00:17:04,047 app.views INFO     Админ. Получение общих данных.
2024-02-01 00:17:12,191 app.views INFO     Админ. Изменение данных аккаунта.
2024-02-01 00:17:12,326 app.views INFO     Админ. Получение общих данных.
